{"C:\\Users\\TechCare\\Desktop\\graphql-test\\config\\config.js": {"path":"C:\\Users\\TechCare\\Desktop\\graphql-test\\config\\config.js","statementMap":{"0":{"start":{"line":2,"column":19},"end":{"line":2,"column":27}},"1":{"start":{"line":11,"column":4},"end":{"line":11,"column":10}},"2":{"start":{"line":13,"column":0},"end":{"line":50,"column":2}}},"fnMap":{},"branchMap":{},"s":{"0":2,"1":2,"2":2},"f":{},"b":{},"_coverageSchema":"1a1c01bbd47fc00a2c39e90264f33305004495a9","hash":"0c49f97c4bbf02a723f42dc9ec10d4f53a54c4da"}
,"C:\\Users\\TechCare\\Desktop\\graphql-test\\core\\constants.js": {"path":"C:\\Users\\TechCare\\Desktop\\graphql-test\\core\\constants.js","statementMap":{"0":{"start":{"line":1,"column":0},"end":{"line":24,"column":2}}},"fnMap":{},"branchMap":{},"s":{"0":2},"f":{},"b":{},"_coverageSchema":"1a1c01bbd47fc00a2c39e90264f33305004495a9","hash":"74927d136b72043a5b714dddca4ed661bcbd103a"}
,"C:\\Users\\TechCare\\Desktop\\graphql-test\\graphql\\mutations\\user.js": {"path":"C:\\Users\\TechCare\\Desktop\\graphql-test\\graphql\\mutations\\user.js","statementMap":{"0":{"start":{"line":5,"column":23},"end":{"line":5,"column":32}},"1":{"start":{"line":9,"column":4},"end":{"line":24,"column":5}},"2":{"start":{"line":10,"column":19},"end":{"line":10,"column":63}},"3":{"start":{"line":11,"column":6},"end":{"line":13,"column":7}},"4":{"start":{"line":12,"column":8},"end":{"line":12,"column":65}},"5":{"start":{"line":14,"column":21},"end":{"line":14,"column":74}},"6":{"start":{"line":15,"column":6},"end":{"line":21,"column":7}},"7":{"start":{"line":16,"column":22},"end":{"line":16,"column":49}},"8":{"start":{"line":17,"column":8},"end":{"line":17,"column":87}},"9":{"start":{"line":18,"column":8},"end":{"line":18,"column":72}},"10":{"start":{"line":20,"column":8},"end":{"line":20,"column":69}},"11":{"start":{"line":23,"column":6},"end":{"line":23,"column":62}},"12":{"start":{"line":28,"column":4},"end":{"line":48,"column":5}},"13":{"start":{"line":29,"column":52},"end":{"line":29,"column":59}},"14":{"start":{"line":30,"column":25},"end":{"line":30,"column":73}},"15":{"start":{"line":31,"column":6},"end":{"line":36,"column":7}},"16":{"start":{"line":32,"column":8},"end":{"line":35,"column":9}},"17":{"start":{"line":37,"column":6},"end":{"line":37,"column":68}},"18":{"start":{"line":38,"column":21},"end":{"line":38,"column":48}},"19":{"start":{"line":39,"column":6},"end":{"line":42,"column":7}},"20":{"start":{"line":44,"column":6},"end":{"line":47,"column":7}},"21":{"start":{"line":52,"column":4},"end":{"line":83,"column":5}},"22":{"start":{"line":53,"column":23},"end":{"line":53,"column":25}},"23":{"start":{"line":54,"column":6},"end":{"line":68,"column":7}},"24":{"start":{"line":55,"column":8},"end":{"line":60,"column":9}},"25":{"start":{"line":56,"column":10},"end":{"line":59,"column":11}},"26":{"start":{"line":61,"column":8},"end":{"line":66,"column":9}},"27":{"start":{"line":62,"column":10},"end":{"line":65,"column":11}},"28":{"start":{"line":67,"column":8},"end":{"line":67,"column":29}},"29":{"start":{"line":69,"column":6},"end":{"line":71,"column":7}},"30":{"start":{"line":70,"column":8},"end":{"line":70,"column":28}},"31":{"start":{"line":72,"column":6},"end":{"line":74,"column":7}},"32":{"start":{"line":73,"column":8},"end":{"line":73,"column":64}},"33":{"start":{"line":76,"column":21},"end":{"line":78,"column":7}},"34":{"start":{"line":79,"column":19},"end":{"line":79,"column":57}},"35":{"start":{"line":80,"column":6},"end":{"line":80,"column":33}},"36":{"start":{"line":82,"column":6},"end":{"line":82,"column":46}},"37":{"start":{"line":87,"column":4},"end":{"line":107,"column":5}},"38":{"start":{"line":88,"column":6},"end":{"line":96,"column":7}},"39":{"start":{"line":89,"column":27},"end":{"line":89,"column":65}},"40":{"start":{"line":90,"column":8},"end":{"line":92,"column":9}},"41":{"start":{"line":91,"column":10},"end":{"line":91,"column":94}},"42":{"start":{"line":93,"column":8},"end":{"line":95,"column":9}},"43":{"start":{"line":94,"column":10},"end":{"line":94,"column":88}},"44":{"start":{"line":97,"column":21},"end":{"line":100,"column":7}},"45":{"start":{"line":101,"column":6},"end":{"line":103,"column":7}},"46":{"start":{"line":102,"column":8},"end":{"line":102,"column":80}},"47":{"start":{"line":104,"column":6},"end":{"line":104,"column":78}},"48":{"start":{"line":106,"column":6},"end":{"line":106,"column":71}}},"fnMap":{"0":{"name":"(anonymous_0)","decl":{"start":{"line":8,"column":2},"end":{"line":8,"column":3}},"loc":{"start":{"line":8,"column":42},"end":{"line":25,"column":3}},"line":8},"1":{"name":"(anonymous_1)","decl":{"start":{"line":27,"column":2},"end":{"line":27,"column":3}},"loc":{"start":{"line":27,"column":42},"end":{"line":49,"column":3}},"line":27},"2":{"name":"(anonymous_2)","decl":{"start":{"line":51,"column":2},"end":{"line":51,"column":3}},"loc":{"start":{"line":51,"column":66},"end":{"line":84,"column":3}},"line":51},"3":{"name":"(anonymous_3)","decl":{"start":{"line":86,"column":2},"end":{"line":86,"column":3}},"loc":{"start":{"line":86,"column":68},"end":{"line":108,"column":3}},"line":86}},"branchMap":{"0":{"loc":{"start":{"line":11,"column":6},"end":{"line":13,"column":7}},"type":"if","locations":[{"start":{"line":11,"column":6},"end":{"line":13,"column":7}},{"start":{"line":11,"column":6},"end":{"line":13,"column":7}}],"line":11},"1":{"loc":{"start":{"line":15,"column":6},"end":{"line":21,"column":7}},"type":"if","locations":[{"start":{"line":15,"column":6},"end":{"line":21,"column":7}},{"start":{"line":15,"column":6},"end":{"line":21,"column":7}}],"line":15},"2":{"loc":{"start":{"line":31,"column":6},"end":{"line":36,"column":7}},"type":"if","locations":[{"start":{"line":31,"column":6},"end":{"line":36,"column":7}},{"start":{"line":31,"column":6},"end":{"line":36,"column":7}}],"line":31},"3":{"loc":{"start":{"line":54,"column":6},"end":{"line":68,"column":7}},"type":"if","locations":[{"start":{"line":54,"column":6},"end":{"line":68,"column":7}},{"start":{"line":54,"column":6},"end":{"line":68,"column":7}}],"line":54},"4":{"loc":{"start":{"line":55,"column":8},"end":{"line":60,"column":9}},"type":"if","locations":[{"start":{"line":55,"column":8},"end":{"line":60,"column":9}},{"start":{"line":55,"column":8},"end":{"line":60,"column":9}}],"line":55},"5":{"loc":{"start":{"line":55,"column":12},"end":{"line":55,"column":73}},"type":"binary-expr","locations":[{"start":{"line":55,"column":12},"end":{"line":55,"column":51}},{"start":{"line":55,"column":55},"end":{"line":55,"column":73}}],"line":55},"6":{"loc":{"start":{"line":61,"column":8},"end":{"line":66,"column":9}},"type":"if","locations":[{"start":{"line":61,"column":8},"end":{"line":66,"column":9}},{"start":{"line":61,"column":8},"end":{"line":66,"column":9}}],"line":61},"7":{"loc":{"start":{"line":61,"column":12},"end":{"line":61,"column":80}},"type":"binary-expr","locations":[{"start":{"line":61,"column":12},"end":{"line":61,"column":46}},{"start":{"line":61,"column":50},"end":{"line":61,"column":80}}],"line":61},"8":{"loc":{"start":{"line":69,"column":6},"end":{"line":71,"column":7}},"type":"if","locations":[{"start":{"line":69,"column":6},"end":{"line":71,"column":7}},{"start":{"line":69,"column":6},"end":{"line":71,"column":7}}],"line":69},"9":{"loc":{"start":{"line":72,"column":6},"end":{"line":74,"column":7}},"type":"if","locations":[{"start":{"line":72,"column":6},"end":{"line":74,"column":7}},{"start":{"line":72,"column":6},"end":{"line":74,"column":7}}],"line":72},"10":{"loc":{"start":{"line":86,"column":44},"end":{"line":86,"column":55}},"type":"default-arg","locations":[{"start":{"line":86,"column":53},"end":{"line":86,"column":55}}],"line":86},"11":{"loc":{"start":{"line":88,"column":6},"end":{"line":96,"column":7}},"type":"if","locations":[{"start":{"line":88,"column":6},"end":{"line":96,"column":7}},{"start":{"line":88,"column":6},"end":{"line":96,"column":7}}],"line":88},"12":{"loc":{"start":{"line":90,"column":8},"end":{"line":92,"column":9}},"type":"if","locations":[{"start":{"line":90,"column":8},"end":{"line":92,"column":9}},{"start":{"line":90,"column":8},"end":{"line":92,"column":9}}],"line":90},"13":{"loc":{"start":{"line":93,"column":8},"end":{"line":95,"column":9}},"type":"if","locations":[{"start":{"line":93,"column":8},"end":{"line":95,"column":9}},{"start":{"line":93,"column":8},"end":{"line":95,"column":9}}],"line":93},"14":{"loc":{"start":{"line":101,"column":6},"end":{"line":103,"column":7}},"type":"if","locations":[{"start":{"line":101,"column":6},"end":{"line":103,"column":7}},{"start":{"line":101,"column":6},"end":{"line":103,"column":7}}],"line":101},"15":{"loc":{"start":{"line":101,"column":10},"end":{"line":101,"column":37}},"type":"binary-expr","locations":[{"start":{"line":101,"column":10},"end":{"line":101,"column":23}},{"start":{"line":101,"column":27},"end":{"line":101,"column":37}}],"line":101}},"s":{"0":1,"1":4,"2":4,"3":3,"4":1,"5":2,"6":2,"7":1,"8":1,"9":1,"10":1,"11":1,"12":5,"13":5,"14":5,"15":5,"16":1,"17":4,"18":4,"19":4,"20":0,"21":4,"22":4,"23":4,"24":3,"25":1,"26":1,"27":1,"28":0,"29":1,"30":1,"31":1,"32":1,"33":1,"34":1,"35":1,"36":1,"37":11,"38":11,"39":8,"40":7,"41":4,"42":3,"43":1,"44":5,"45":5,"46":2,"47":3,"48":1},"f":{"0":4,"1":5,"2":4,"3":11},"b":{"0":[1,2],"1":[1,1],"2":[1,4],"3":[3,1],"4":[1,1],"5":[3,1],"6":[1,0],"7":[1,1],"8":[1,0],"9":[1,0],"10":[0],"11":[8,3],"12":[4,3],"13":[1,2],"14":[2,3],"15":[5,5]},"_coverageSchema":"1a1c01bbd47fc00a2c39e90264f33305004495a9","hash":"75839f0995274e3988cc7d81a573ae9412c86c05"}
,"C:\\Users\\TechCare\\Desktop\\graphql-test\\graphql\\queries\\user.js": {"path":"C:\\Users\\TechCare\\Desktop\\graphql-test\\graphql\\queries\\user.js","statementMap":{"0":{"start":{"line":5,"column":4},"end":{"line":24,"column":5}},"1":{"start":{"line":6,"column":20},"end":{"line":10,"column":7}},"2":{"start":{"line":11,"column":6},"end":{"line":11,"column":86}},"3":{"start":{"line":12,"column":24},"end":{"line":12,"column":60}},"4":{"start":{"line":13,"column":6},"end":{"line":17,"column":8}},"5":{"start":{"line":19,"column":6},"end":{"line":23,"column":8}},"6":{"start":{"line":28,"column":4},"end":{"line":33,"column":5}},"7":{"start":{"line":29,"column":19},"end":{"line":29,"column":57}},"8":{"start":{"line":30,"column":6},"end":{"line":30,"column":33}},"9":{"start":{"line":32,"column":6},"end":{"line":32,"column":46}},"10":{"start":{"line":37,"column":4},"end":{"line":42,"column":5}},"11":{"start":{"line":38,"column":19},"end":{"line":38,"column":60}},"12":{"start":{"line":39,"column":6},"end":{"line":39,"column":33}},"13":{"start":{"line":41,"column":6},"end":{"line":41,"column":46}}},"fnMap":{"0":{"name":"(anonymous_0)","decl":{"start":{"line":4,"column":2},"end":{"line":4,"column":3}},"loc":{"start":{"line":4,"column":59},"end":{"line":25,"column":3}},"line":4},"1":{"name":"(anonymous_1)","decl":{"start":{"line":27,"column":2},"end":{"line":27,"column":3}},"loc":{"start":{"line":27,"column":42},"end":{"line":34,"column":3}},"line":27},"2":{"name":"(anonymous_2)","decl":{"start":{"line":36,"column":2},"end":{"line":36,"column":3}},"loc":{"start":{"line":36,"column":48},"end":{"line":43,"column":3}},"line":36}},"branchMap":{"0":{"loc":{"start":{"line":4,"column":27},"end":{"line":4,"column":35}},"type":"default-arg","locations":[{"start":{"line":4,"column":34},"end":{"line":4,"column":35}}],"line":4},"1":{"loc":{"start":{"line":4,"column":37},"end":{"line":4,"column":46}},"type":"default-arg","locations":[{"start":{"line":4,"column":45},"end":{"line":4,"column":46}}],"line":4}},"s":{"0":2,"1":2,"2":2,"3":2,"4":1,"5":1,"6":4,"7":4,"8":3,"9":1,"10":0,"11":0,"12":0,"13":0},"f":{"0":2,"1":4,"2":0},"b":{"0":[0],"1":[0]},"_coverageSchema":"1a1c01bbd47fc00a2c39e90264f33305004495a9","hash":"a2892e443709f6f8478345a996c161c28b039b6d"}
,"C:\\Users\\TechCare\\Desktop\\graphql-test\\helpers\\pagination.helper.js": {"path":"C:\\Users\\TechCare\\Desktop\\graphql-test\\helpers\\pagination.helper.js","statementMap":{"0":{"start":{"line":3,"column":4},"end":{"line":3,"column":52}},"1":{"start":{"line":4,"column":4},"end":{"line":4,"column":48}},"2":{"start":{"line":5,"column":19},"end":{"line":5,"column":45}},"3":{"start":{"line":6,"column":4},"end":{"line":6,"column":35}},"4":{"start":{"line":10,"column":30},"end":{"line":10,"column":88}},"5":{"start":{"line":11,"column":4},"end":{"line":15,"column":6}}},"fnMap":{"0":{"name":"(anonymous_0)","decl":{"start":{"line":2,"column":2},"end":{"line":2,"column":3}},"loc":{"start":{"line":2,"column":70},"end":{"line":7,"column":3}},"line":2},"1":{"name":"(anonymous_1)","decl":{"start":{"line":9,"column":2},"end":{"line":9,"column":3}},"loc":{"start":{"line":9,"column":54},"end":{"line":16,"column":3}},"line":9}},"branchMap":{"0":{"loc":{"start":{"line":3,"column":12},"end":{"line":3,"column":51}},"type":"cond-expr","locations":[{"start":{"line":3,"column":21},"end":{"line":3,"column":33}},{"start":{"line":3,"column":36},"end":{"line":3,"column":51}}],"line":3},"1":{"loc":{"start":{"line":4,"column":11},"end":{"line":4,"column":47}},"type":"cond-expr","locations":[{"start":{"line":4,"column":19},"end":{"line":4,"column":30}},{"start":{"line":4,"column":33},"end":{"line":4,"column":47}}],"line":4},"2":{"loc":{"start":{"line":5,"column":19},"end":{"line":5,"column":45}},"type":"cond-expr","locations":[{"start":{"line":5,"column":27},"end":{"line":5,"column":28}},{"start":{"line":5,"column":31},"end":{"line":5,"column":45}}],"line":5}},"s":{"0":2,"1":2,"2":2,"3":2,"4":2,"5":2},"f":{"0":2,"1":2},"b":{"0":[0,2],"1":[0,2],"2":[0,2]},"_coverageSchema":"1a1c01bbd47fc00a2c39e90264f33305004495a9","hash":"582e4857d4918bd7275ed1b409020c50ae00871d"}
,"C:\\Users\\TechCare\\Desktop\\graphql-test\\helpers\\password.helper.js": {"path":"C:\\Users\\TechCare\\Desktop\\graphql-test\\helpers\\password.helper.js","statementMap":{"0":{"start":{"line":5,"column":4},"end":{"line":5,"column":62}},"1":{"start":{"line":9,"column":4},"end":{"line":9,"column":51}}},"fnMap":{"0":{"name":"(anonymous_0)","decl":{"start":{"line":4,"column":2},"end":{"line":4,"column":3}},"loc":{"start":{"line":4,"column":51},"end":{"line":6,"column":3}},"line":4},"1":{"name":"(anonymous_1)","decl":{"start":{"line":8,"column":2},"end":{"line":8,"column":3}},"loc":{"start":{"line":8,"column":37},"end":{"line":10,"column":3}},"line":8}},"branchMap":{},"s":{"0":2,"1":5},"f":{"0":2,"1":5},"b":{},"_coverageSchema":"1a1c01bbd47fc00a2c39e90264f33305004495a9","hash":"9d594a198c3045d722ac614af08c1bd25b67f9ab"}
,"C:\\Users\\TechCare\\Desktop\\graphql-test\\helpers\\response.helper.js": {"path":"C:\\Users\\TechCare\\Desktop\\graphql-test\\helpers\\response.helper.js","statementMap":{"0":{"start":{"line":3,"column":4},"end":{"line":8,"column":5}},"1":{"start":{"line":12,"column":4},"end":{"line":16,"column":5}}},"fnMap":{"0":{"name":"(anonymous_0)","decl":{"start":{"line":2,"column":2},"end":{"line":2,"column":3}},"loc":{"start":{"line":2,"column":65},"end":{"line":9,"column":3}},"line":2},"1":{"name":"(anonymous_1)","decl":{"start":{"line":11,"column":2},"end":{"line":11,"column":3}},"loc":{"start":{"line":11,"column":40},"end":{"line":17,"column":3}},"line":11}},"branchMap":{"0":{"loc":{"start":{"line":2,"column":51},"end":{"line":2,"column":63}},"type":"default-arg","locations":[{"start":{"line":2,"column":59},"end":{"line":2,"column":63}}],"line":2}},"s":{"0":11,"1":4},"f":{"0":11,"1":4},"b":{"0":[11]},"_coverageSchema":"1a1c01bbd47fc00a2c39e90264f33305004495a9","hash":"72cb00aee14c8b2cfb319664e565d225ff216dcf"}
,"C:\\Users\\TechCare\\Desktop\\graphql-test\\helpers\\token.helper.js": {"path":"C:\\Users\\TechCare\\Desktop\\graphql-test\\helpers\\token.helper.js","statementMap":{"0":{"start":{"line":2,"column":0},"end":{"line":2,"column":27}},"1":{"start":{"line":6,"column":4},"end":{"line":6,"column":69}},"2":{"start":{"line":10,"column":4},"end":{"line":10,"column":62}}},"fnMap":{"0":{"name":"(anonymous_0)","decl":{"start":{"line":5,"column":2},"end":{"line":5,"column":3}},"loc":{"start":{"line":5,"column":24},"end":{"line":7,"column":3}},"line":5},"1":{"name":"(anonymous_1)","decl":{"start":{"line":9,"column":2},"end":{"line":9,"column":3}},"loc":{"start":{"line":9,"column":23},"end":{"line":11,"column":3}},"line":9}},"branchMap":{},"s":{"0":1,"1":1,"2":0},"f":{"0":1,"1":0},"b":{},"_coverageSchema":"1a1c01bbd47fc00a2c39e90264f33305004495a9","hash":"2eec65e0d6ccff4558d85d6b397a425d0714b632"}
,"C:\\Users\\TechCare\\Desktop\\graphql-test\\models\\index.js": {"path":"C:\\Users\\TechCare\\Desktop\\graphql-test\\models\\index.js","statementMap":{"0":{"start":{"line":3,"column":11},"end":{"line":3,"column":24}},"1":{"start":{"line":4,"column":13},"end":{"line":4,"column":28}},"2":{"start":{"line":5,"column":18},"end":{"line":5,"column":38}},"3":{"start":{"line":6,"column":17},"end":{"line":6,"column":42}},"4":{"start":{"line":7,"column":12},"end":{"line":7,"column":49}},"5":{"start":{"line":8,"column":15},"end":{"line":8,"column":47}},"6":{"start":{"line":9,"column":11},"end":{"line":9,"column":13}},"7":{"start":{"line":12,"column":0},"end":{"line":17,"column":1}},"8":{"start":{"line":13,"column":2},"end":{"line":13,"column":74}},"9":{"start":{"line":15,"column":2},"end":{"line":15,"column":95}},"10":{"start":{"line":16,"column":2},"end":{"line":16,"column":35}},"11":{"start":{"line":19,"column":0},"end":{"line":27,"column":5}},"12":{"start":{"line":22,"column":4},"end":{"line":22,"column":90}},"13":{"start":{"line":25,"column":18},"end":{"line":25,"column":85}},"14":{"start":{"line":26,"column":4},"end":{"line":26,"column":27}},"15":{"start":{"line":29,"column":0},"end":{"line":33,"column":3}},"16":{"start":{"line":30,"column":2},"end":{"line":32,"column":3}},"17":{"start":{"line":31,"column":4},"end":{"line":31,"column":32}},"18":{"start":{"line":35,"column":0},"end":{"line":35,"column":25}},"19":{"start":{"line":36,"column":0},"end":{"line":36,"column":25}},"20":{"start":{"line":38,"column":0},"end":{"line":40,"column":3}},"21":{"start":{"line":42,"column":0},"end":{"line":42,"column":15}},"22":{"start":{"line":44,"column":0},"end":{"line":44,"column":20}}},"fnMap":{"0":{"name":"(anonymous_0)","decl":{"start":{"line":21,"column":10},"end":{"line":21,"column":11}},"loc":{"start":{"line":21,"column":18},"end":{"line":23,"column":3}},"line":21},"1":{"name":"(anonymous_1)","decl":{"start":{"line":24,"column":11},"end":{"line":24,"column":12}},"loc":{"start":{"line":24,"column":19},"end":{"line":27,"column":3}},"line":24},"2":{"name":"(anonymous_2)","decl":{"start":{"line":29,"column":24},"end":{"line":29,"column":25}},"loc":{"start":{"line":29,"column":37},"end":{"line":33,"column":1}},"line":29}},"branchMap":{"0":{"loc":{"start":{"line":7,"column":12},"end":{"line":7,"column":49}},"type":"binary-expr","locations":[{"start":{"line":7,"column":12},"end":{"line":7,"column":32}},{"start":{"line":7,"column":36},"end":{"line":7,"column":49}}],"line":7},"1":{"loc":{"start":{"line":12,"column":0},"end":{"line":17,"column":1}},"type":"if","locations":[{"start":{"line":12,"column":0},"end":{"line":17,"column":1}},{"start":{"line":12,"column":0},"end":{"line":17,"column":1}}],"line":12},"2":{"loc":{"start":{"line":22,"column":11},"end":{"line":22,"column":89}},"type":"binary-expr","locations":[{"start":{"line":22,"column":12},"end":{"line":22,"column":35}},{"start":{"line":22,"column":41},"end":{"line":22,"column":58}},{"start":{"line":22,"column":64},"end":{"line":22,"column":88}}],"line":22},"3":{"loc":{"start":{"line":30,"column":2},"end":{"line":32,"column":3}},"type":"if","locations":[{"start":{"line":30,"column":2},"end":{"line":32,"column":3}},{"start":{"line":30,"column":2},"end":{"line":32,"column":3}}],"line":30}},"s":{"0":2,"1":2,"2":2,"3":2,"4":2,"5":2,"6":2,"7":2,"8":0,"9":2,"10":2,"11":2,"12":6,"13":2,"14":2,"15":2,"16":2,"17":2,"18":2,"19":2,"20":2,"21":2,"22":2},"f":{"0":6,"1":2,"2":2},"b":{"0":[2,0],"1":[0,2],"2":[6,6,4],"3":[2,0]},"_coverageSchema":"1a1c01bbd47fc00a2c39e90264f33305004495a9","hash":"700b111d213cb490cb01908f991755c3101bbd9f"}
,"C:\\Users\\TechCare\\Desktop\\graphql-test\\models\\user.js": {"path":"C:\\Users\\TechCare\\Desktop\\graphql-test\\models\\user.js","statementMap":{"0":{"start":{"line":4,"column":4},"end":{"line":4,"column":24}},"1":{"start":{"line":5,"column":18},"end":{"line":5,"column":38}},"2":{"start":{"line":7,"column":35},"end":{"line":7,"column":44}},"3":{"start":{"line":9,"column":0},"end":{"line":53,"column":2}},"4":{"start":{"line":20,"column":2},"end":{"line":50,"column":5}},"5":{"start":{"line":52,"column":2},"end":{"line":52,"column":14}}},"fnMap":{"0":{"name":"(anonymous_0)","decl":{"start":{"line":9,"column":17},"end":{"line":9,"column":18}},"loc":{"start":{"line":9,"column":43},"end":{"line":53,"column":1}},"line":9},"1":{"name":"(anonymous_1)","decl":{"start":{"line":16,"column":4},"end":{"line":16,"column":5}},"loc":{"start":{"line":16,"column":29},"end":{"line":18,"column":5}},"line":16}},"branchMap":{},"s":{"0":2,"1":2,"2":2,"3":2,"4":2,"5":2},"f":{"0":2,"1":2},"b":{},"_coverageSchema":"1a1c01bbd47fc00a2c39e90264f33305004495a9","hash":"0440bc8a949df67c76676471d01a31c039bc09bd"}
}
