TN:
SF:config\config.js
FNF:0
FNH:0
DA:2,2
DA:11,2
DA:13,2
LF:3
LH:3
BRF:0
BRH:0
end_of_record
TN:
SF:core\constants.js
FNF:0
FNH:0
DA:1,2
LF:1
LH:1
BRF:0
BRH:0
end_of_record
TN:
SF:graphql\mutations\user.js
FN:8,(anonymous_0)
FN:27,(anonymous_1)
FN:51,(anonymous_2)
FN:86,(anonymous_3)
FNF:4
FNH:4
FNDA:4,(anonymous_0)
FNDA:5,(anonymous_1)
FNDA:4,(anonymous_2)
FNDA:11,(anonymous_3)
DA:5,1
DA:9,4
DA:10,4
DA:11,3
DA:12,1
DA:14,2
DA:15,2
DA:16,1
DA:17,1
DA:18,1
DA:20,1
DA:23,1
DA:28,5
DA:29,5
DA:30,5
DA:31,5
DA:32,1
DA:37,4
DA:38,4
DA:39,4
DA:44,0
DA:52,4
DA:53,4
DA:54,4
DA:55,3
DA:56,1
DA:61,1
DA:62,1
DA:67,0
DA:69,1
DA:70,1
DA:72,1
DA:73,1
DA:76,1
DA:79,1
DA:80,1
DA:82,1
DA:87,11
DA:88,11
DA:89,8
DA:90,7
DA:91,4
DA:93,3
DA:94,1
DA:97,5
DA:101,5
DA:102,2
DA:104,3
DA:106,1
LF:49
LH:47
BRDA:11,0,0,1
BRDA:11,0,1,2
BRDA:15,1,0,1
BRDA:15,1,1,1
BRDA:31,2,0,1
BRDA:31,2,1,4
BRDA:54,3,0,3
BRDA:54,3,1,1
BRDA:55,4,0,1
BRDA:55,4,1,1
BRDA:55,5,0,3
BRDA:55,5,1,1
BRDA:61,6,0,1
BRDA:61,6,1,0
BRDA:61,7,0,1
BRDA:61,7,1,1
BRDA:69,8,0,1
BRDA:69,8,1,0
BRDA:72,9,0,1
BRDA:72,9,1,0
BRDA:86,10,0,0
BRDA:88,11,0,8
BRDA:88,11,1,3
BRDA:90,12,0,4
BRDA:90,12,1,3
BRDA:93,13,0,1
BRDA:93,13,1,2
BRDA:101,14,0,2
BRDA:101,14,1,3
BRDA:101,15,0,5
BRDA:101,15,1,5
BRF:31
BRH:27
end_of_record
TN:
SF:graphql\queries\user.js
FN:4,(anonymous_0)
FN:27,(anonymous_1)
FN:36,(anonymous_2)
FNF:3
FNH:2
FNDA:2,(anonymous_0)
FNDA:4,(anonymous_1)
FNDA:0,(anonymous_2)
DA:5,2
DA:6,2
DA:11,2
DA:12,2
DA:13,1
DA:19,1
DA:28,4
DA:29,4
DA:30,3
DA:32,1
DA:37,0
DA:38,0
DA:39,0
DA:41,0
LF:14
LH:10
BRDA:4,0,0,0
BRDA:4,1,0,0
BRF:2
BRH:0
end_of_record
TN:
SF:helpers\pagination.helper.js
FN:2,(anonymous_0)
FN:9,(anonymous_1)
FNF:2
FNH:2
FNDA:2,(anonymous_0)
FNDA:2,(anonymous_1)
DA:3,2
DA:4,2
DA:5,2
DA:6,2
DA:10,2
DA:11,2
LF:6
LH:6
BRDA:3,0,0,0
BRDA:3,0,1,2
BRDA:4,1,0,0
BRDA:4,1,1,2
BRDA:5,2,0,0
BRDA:5,2,1,2
BRF:6
BRH:3
end_of_record
TN:
SF:helpers\password.helper.js
FN:4,(anonymous_0)
FN:8,(anonymous_1)
FNF:2
FNH:2
FNDA:2,(anonymous_0)
FNDA:5,(anonymous_1)
DA:5,2
DA:9,5
LF:2
LH:2
BRF:0
BRH:0
end_of_record
TN:
SF:helpers\response.helper.js
FN:2,(anonymous_0)
FN:11,(anonymous_1)
FNF:2
FNH:2
FNDA:11,(anonymous_0)
FNDA:4,(anonymous_1)
DA:3,11
DA:12,4
LF:2
LH:2
BRDA:2,0,0,11
BRF:1
BRH:1
end_of_record
TN:
SF:helpers\token.helper.js
FN:5,(anonymous_0)
FN:9,(anonymous_1)
FNF:2
FNH:1
FNDA:1,(anonymous_0)
FNDA:0,(anonymous_1)
DA:2,1
DA:6,1
DA:10,0
LF:3
LH:2
BRF:0
BRH:0
end_of_record
TN:
SF:models\index.js
FN:21,(anonymous_0)
FN:24,(anonymous_1)
FN:29,(anonymous_2)
FNF:3
FNH:3
FNDA:6,(anonymous_0)
FNDA:2,(anonymous_1)
FNDA:2,(anonymous_2)
DA:3,2
DA:4,2
DA:5,2
DA:6,2
DA:7,2
DA:8,2
DA:9,2
DA:12,2
DA:13,0
DA:15,2
DA:16,2
DA:19,2
DA:22,6
DA:25,2
DA:26,2
DA:29,2
DA:30,2
DA:31,2
DA:35,2
DA:36,2
DA:38,2
DA:42,2
DA:44,2
LF:23
LH:22
BRDA:7,0,0,2
BRDA:7,0,1,0
BRDA:12,1,0,0
BRDA:12,1,1,2
BRDA:22,2,0,6
BRDA:22,2,1,6
BRDA:22,2,2,4
BRDA:30,3,0,2
BRDA:30,3,1,0
BRF:9
BRH:6
end_of_record
TN:
SF:models\user.js
FN:9,(anonymous_0)
FN:16,(anonymous_1)
FNF:2
FNH:2
FNDA:2,(anonymous_0)
FNDA:2,(anonymous_1)
DA:4,2
DA:5,2
DA:7,2
DA:9,2
DA:20,2
DA:52,2
LF:6
LH:6
BRF:0
BRH:0
end_of_record
